Jan-11 22:12:25.320 [main] DEBUG nextflow.cli.Launcher - $> nextflow run -resume scEDIT_nextflow.nf
Jan-11 22:12:25.541 [main] DEBUG nextflow.cli.CmdRun - N E X T F L O W  ~  version 24.04.3
Jan-11 22:12:25.593 [main] DEBUG nextflow.plugin.PluginsFacade - Setting up plugin manager > mode=prod; embedded=false; plugins-dir=/home/gajendra/.nextflow/plugins; core-plugins: nf-amazon@2.5.2,nf-azure@1.6.0,nf-cloudcache@0.4.1,nf-codecommit@0.2.0,nf-console@1.1.3,nf-ga4gh@1.3.0,nf-google@1.13.2-patch1,nf-tower@1.9.1,nf-wave@1.4.2
Jan-11 22:12:25.622 [main] INFO  o.pf4j.DefaultPluginStatusProvider - Enabled plugins: []
Jan-11 22:12:25.628 [main] INFO  o.pf4j.DefaultPluginStatusProvider - Disabled plugins: []
Jan-11 22:12:25.632 [main] INFO  org.pf4j.DefaultPluginManager - PF4J version 3.10.0 in 'deployment' mode
Jan-11 22:12:25.664 [main] INFO  org.pf4j.AbstractPluginManager - No plugins
Jan-11 22:12:25.815 [main] DEBUG nextflow.cli.CmdRun - Applied DSL=2 by global default
Jan-11 22:12:25.850 [main] DEBUG nextflow.cli.CmdRun - Launching `scEDIT_nextflow.nf` [deadly_lamarck] DSL2 - revision: 445b3f2bdb
Jan-11 22:12:25.852 [main] DEBUG nextflow.plugin.PluginsFacade - Plugins default=[]
Jan-11 22:12:25.854 [main] DEBUG nextflow.plugin.PluginsFacade - Plugins resolved requirement=[]
Jan-11 22:12:25.970 [main] DEBUG nextflow.Session - Session UUID: 06a1e02d-064d-4dd0-9269-b0f9694d53c0
Jan-11 22:12:25.971 [main] DEBUG nextflow.Session - Run name: deadly_lamarck
Jan-11 22:12:25.973 [main] DEBUG nextflow.Session - Executor pool size: 16
Jan-11 22:12:25.987 [main] DEBUG nextflow.file.FilePorter - File porter settings maxRetries=3; maxTransfers=50; pollTimeout=null
Jan-11 22:12:26.006 [main] DEBUG nextflow.util.ThreadPoolBuilder - Creating thread pool 'FileTransfer' minSize=10; maxSize=48; workQueue=LinkedBlockingQueue[10000]; allowCoreThreadTimeout=false
Jan-11 22:12:26.073 [main] DEBUG nextflow.cli.CmdRun - 
  Version: 24.04.3 build 5916
  Created: 09-07-2024 19:35 UTC (12:35 PDT)
  System: Linux 6.8.0-51-generic
  Runtime: Groovy 4.0.21 on OpenJDK 64-Bit Server VM 11.0.25+9-post-Ubuntu-1ubuntu122.04
  Encoding: UTF-8 (UTF-8)
  Process: 2028914@gajendra-desktop [127.0.1.1]
  CPUs: 16 - Mem: 125.2 GB (16.1 GB) - Swap: 14.9 GB (14.9 GB)
Jan-11 22:12:26.174 [main] DEBUG nextflow.Session - Work-dir: /home/gajendra/Dropbox/Github_repos/scEDIT/Docker_files/work [ext2/ext3]
Jan-11 22:12:26.175 [main] DEBUG nextflow.Session - Script base path does not exist or is not a directory: /home/gajendra/Dropbox/Github_repos/scEDIT/Docker_files/bin
Jan-11 22:12:26.286 [main] DEBUG nextflow.executor.ExecutorFactory - Extension executors providers=[]
Jan-11 22:12:26.331 [main] DEBUG nextflow.Session - Observer factory: DefaultObserverFactory
Jan-11 22:12:26.379 [main] DEBUG nextflow.cache.CacheFactory - Using Nextflow cache factory: nextflow.cache.DefaultCacheFactory
Jan-11 22:12:26.407 [main] DEBUG nextflow.util.CustomThreadPool - Creating default thread pool > poolSize: 17; maxThreads: 1000
Jan-11 22:12:26.602 [main] DEBUG nextflow.Session - Session start
Jan-11 22:12:27.857 [main] DEBUG nextflow.script.ScriptRunner - > Launching execution
Jan-11 22:12:27.874 [main] DEBUG n.secret.LocalSecretsProvider - Secrets store: /home/gajendra/.nextflow/secrets/store.json
Jan-11 22:12:27.889 [main] DEBUG nextflow.secret.SecretsLoader - Discovered secrets providers: [nextflow.secret.LocalSecretsProvider@523a7801] - activable => nextflow.secret.LocalSecretsProvider@523a7801
Jan-11 22:12:28.145 [main] DEBUG nextflow.executor.ExecutorFactory - << taskConfig executor: null
Jan-11 22:12:28.148 [main] DEBUG nextflow.executor.ExecutorFactory - >> processorType: 'local'
Jan-11 22:12:28.156 [main] DEBUG nextflow.executor.Executor - [warm up] executor > local
Jan-11 22:12:28.166 [main] DEBUG n.processor.LocalPollingMonitor - Creating local task monitor for executor 'local' > cpus=16; memory=125.2 GB; capacity=16; pollInterval=100ms; dumpInterval=5m
Jan-11 22:12:28.170 [main] DEBUG n.processor.TaskPollingMonitor - >>> barrier register (monitor: local)
Jan-11 22:12:28.438 [main] DEBUG nextflow.executor.ExecutorFactory - << taskConfig executor: null
Jan-11 22:12:28.442 [main] DEBUG nextflow.executor.ExecutorFactory - >> processorType: 'local'
Jan-11 22:12:28.533 [main] DEBUG nextflow.executor.ExecutorFactory - << taskConfig executor: null
Jan-11 22:12:28.537 [main] DEBUG nextflow.executor.ExecutorFactory - >> processorType: 'local'
Jan-11 22:12:28.555 [main] DEBUG nextflow.Session - Workflow process names [dsl2]: runDockerContainer, runbashScripts, importDockerImage
Jan-11 22:12:28.556 [main] DEBUG nextflow.Session - Igniting dataflow network (4)
Jan-11 22:12:28.561 [main] DEBUG nextflow.processor.TaskProcessor - Starting process > importDockerImage
Jan-11 22:12:28.566 [main] DEBUG nextflow.processor.TaskProcessor - Starting process > runDockerContainer
Jan-11 22:12:28.569 [main] DEBUG nextflow.processor.TaskProcessor - Starting process > runbashScripts
Jan-11 22:12:28.577 [main] DEBUG nextflow.script.ScriptRunner - Parsed script files:
  Script_7d43cf8fe4344e45: /home/gajendra/Dropbox/Github_repos/scEDIT/Docker_files/scEDIT_nextflow.nf
Jan-11 22:12:28.578 [main] DEBUG nextflow.script.ScriptRunner - > Awaiting termination 
Jan-11 22:12:28.579 [main] DEBUG nextflow.Session - Session await
Jan-11 22:12:28.959 [Actor Thread 7] INFO  nextflow.processor.TaskProcessor - [4d/67bf2f] Cached process > importDockerImage
Jan-11 22:12:29.322 [Task submitter] DEBUG n.executor.local.LocalTaskHandler - Launch cmd line: /bin/bash -ue .command.run
Jan-11 22:12:29.331 [Task submitter] INFO  nextflow.Session - [56/274c5f] Submitted process > runDockerContainer
Jan-11 22:12:29.350 [Task submitter] DEBUG n.executor.local.LocalTaskHandler - Launch cmd line: /bin/bash -ue .command.run
Jan-11 22:12:29.356 [Task submitter] INFO  nextflow.Session - [4e/560530] Submitted process > runbashScripts (1)
Jan-11 22:12:29.403 [Task monitor] DEBUG n.processor.TaskPollingMonitor - Task completed > TaskHandler[id: 2; name: runDockerContainer; status: COMPLETED; exit: 2; error: -; workDir: /home/gajendra/Dropbox/Github_repos/scEDIT/Docker_files/work/56/274c5f8ad0a06d03873e0a386bac6c]
Jan-11 22:12:29.404 [Task monitor] DEBUG nextflow.util.ThreadPoolBuilder - Creating thread pool 'TaskFinalizer' minSize=10; maxSize=48; workQueue=LinkedBlockingQueue[10000]; allowCoreThreadTimeout=false
Jan-11 22:12:29.420 [TaskFinalizer-1] DEBUG nextflow.processor.TaskProcessor - Handling unexpected condition for
  task: name=runDockerContainer; work-dir=/home/gajendra/Dropbox/Github_repos/scEDIT/Docker_files/work/56/274c5f8ad0a06d03873e0a386bac6c
  error [nextflow.exception.ProcessFailedException]: Process `runDockerContainer` terminated with an error exit status (2)
Jan-11 22:12:29.477 [TaskFinalizer-1] ERROR nextflow.processor.TaskProcessor - Error executing process > 'runDockerContainer'

Caused by:
  Process `runDockerContainer` terminated with an error exit status (2)


Command executed:

  # Get the image ID
  IMAGE_ID=$(cat imported_image_id.txt)
  # Run the Docker container with the provided Python script
  docker run --rm -v /scratch/:/docHome/scratch/         -v /working/:/docHome/working/         -v /home/gajendra/refgenomes/:/docHome/refgenomes/         -v /home/gajendra/Dropbox/Github_repos/scEDIT/:/docHome/scEDIT/         ${IMAGE_ID} bash -c "
      source activate scEDIT &&        ipython3 scEDIT/src/scEDIT_TapRipper_WFAEdit_V001.py         /docHome/scratch/Tapestri_CRISPRCas9/TapCRISPRCas_sample_Edit_NF_file.xlsx         /docHome/working/NF_run_testing/> container_output.log

Command exit status:
  2

Command output:
  (empty)

Command error:
  .command.sh: line 5: unexpected EOF while looking for matching `"'

Work dir:
  /home/gajendra/Dropbox/Github_repos/scEDIT/Docker_files/work/56/274c5f8ad0a06d03873e0a386bac6c

Tip: you can replicate the issue by changing to the process work dir and entering the command `bash .command.run`
Jan-11 22:12:29.493 [TaskFinalizer-1] DEBUG nextflow.Session - Session aborted -- Cause: Process `runDockerContainer` terminated with an error exit status (2)
Jan-11 22:12:29.541 [main] DEBUG nextflow.Session - Session await > all processes finished
Jan-11 22:12:29.542 [main] DEBUG nextflow.Session - Session await > all barriers passed
Jan-11 22:12:29.543 [Task monitor] DEBUG n.processor.TaskPollingMonitor - <<< barrier arrives (monitor: local) - terminating tasks monitor poll loop
Jan-11 22:12:29.572 [main] WARN  n.processor.TaskPollingMonitor - Killing running tasks (1)
Jan-11 22:12:29.597 [main] DEBUG n.trace.WorkflowStatsObserver - Workflow completed > WorkflowStats[succeededCount=0; failedCount=1; ignoredCount=0; cachedCount=1; pendingCount=0; submittedCount=0; runningCount=1; retriesCount=0; abortedCount=0; succeedDuration=0ms; failedDuration=42ms; cachedDuration=39.3s;loadCpus=0; loadMemory=0; peakRunning=2; peakCpus=2; peakMemory=0; ]
Jan-11 22:12:29.713 [main] DEBUG nextflow.cache.CacheDB - Closing CacheDB done
Jan-11 22:12:29.751 [main] DEBUG nextflow.script.ScriptRunner - > Execution complete -- Goodbye
